#
# A fatal error has been detected by the Java Runtime Environment:
#
#  EXCEPTION_ACCESS_VIOLATION (0xc0000005) at pc=0x00007ffb74a6f211, pid=5776, tid=10736
#
# JRE version: Java(TM) SE Runtime Environment (16.0.1+9) (build 16.0.1+9-24)
# Java VM: Java HotSpot(TM) 64-Bit Server VM (16.0.1+9-24, mixed mode, sharing, tiered, compressed oops, compressed class ptrs, g1 gc, windows-amd64)
# Problematic frame:
# V  [jvm.dll+0x2ff211]
#
# No core dump will be written. Minidumps are not enabled by default on client versions of Windows
#
# If you would like to submit a bug report, please visit:
#   https://bugreport.java.com/bugreport/crash.jsp
#

---------------  S U M M A R Y ------------

Command Line: -XX:TieredStopAtLevel=1 -Xverify:none -Dspring.output.ansi.enabled=always -javaagent:C:\Program Files\JetBrains\IntelliJ IDEA 2020.3.2\lib\idea_rt.jar=51331:C:\Program Files\JetBrains\IntelliJ IDEA 2020.3.2\bin -Dcom.sun.management.jmxremote -Dspring.jmx.enabled=true -Dspring.liveBeansView.mbeanDomain -Dspring.application.admin.enabled=true -Dfile.encoding=UTF-8 com.dampcave.website_itransition.WebsiteItransitionApplication

Host: Intel(R) Core(TM) i5 CPU         760  @ 2.80GHz, 4 cores, 7G,  Windows 10 , 64 bit Build 19041 (10.0.19041.1466)
Time: Wed Feb  9 20:59:04 2022 RTZ 2 (s 10 , 64 bit Build 19041 (10.0.19041.1466) elapsed time: 5.782123 seconds (0d 0h 0m 5s)

---------------  T H R E A D  ---------------

Current thread (0x000001f757e01f60):  GCTaskThread "GC Thread#2" [stack: 0x000000b7d2a00000,0x000000b7d2b00000] [id=10736]

Stack: [0x000000b7d2a00000,0x000000b7d2b00000],  sp=0x000000b7d2aff190,  free space=1020k
Native frames: (J=compiled Java code, j=interpreted, Vv=VM code, C=native code)
V  [jvm.dll+0x2ff211]
V  [jvm.dll+0x2fbf0e]
V  [jvm.dll+0x30a423]
V  [jvm.dll+0x30c41e]
V  [jvm.dll+0x30aa6d]
V  [jvm.dll+0x30bfdd]
V  [jvm.dll+0x2d7133]
V  [jvm.dll+0x2d8a9b]
V  [jvm.dll+0x7f844b]
V  [jvm.dll+0x779b4a]
V  [jvm.dll+0x667666]
C  [ucrtbase.dll+0x21bb2]
C  [KERNEL32.DLL+0x17034]
C  [ntdll.dll+0x52651]


siginfo: EXCEPTION_ACCESS_VIOLATION (0xc0000005), reading address 0x0000000008000000


Register to memory mapping:

RIP=0x00007ffb74a6f211 jvm.dll
RAX=0x000001f7393943ec points into unknown readable memory: 00 00 00 00
RBX=0x000000008352a281 is pointing into object: org.springframework.beans.GenericTypeAwarePropertyDescriptor 
{0x000000008352a240} - klass: 'org/springframework/beans/GenericTypeAwarePropertyDescriptor'
RCX=0x0 is NULL
RDX=0x0000000000000080 is an unknown value
RSP=0x000000b7d2aff190 points into unknown readable memory: 0x0000000000000001 | 01 00 00 00 00 00 00 00
RBP=0x0000000000000ccb is an unknown value
RSI=0x000000008352a280 is pointing into object: org.springframework.beans.GenericTypeAwarePropertyDescriptor 
{0x000000008352a240} - klass: 'org/springframework/beans/GenericTypeAwarePropertyDescriptor'
RDI=0x000001f759ab49d0 points into unknown readable memory: 0x00007ffb75058918 | 18 89 05 75 fb 7f 00 00
R8 =0x000000008352a2b8 is an oop: java.beans.MethodRef 
{0x000000008352a2b8} - klass: 'java/beans/MethodRef'
R9 =0x00007ffb74770000 jvm.dll
R10=0x0000000008000000 is an unknown value
R11=0x000000008352a240 is an oop: org.springframework.beans.GenericTypeAwarePropertyDescriptor 
{0x000000008352a240} - klass: 'org/springframework/beans/GenericTypeAwarePropertyDescriptor'
R12=0x000000b7d2aff440 points into unknown readable memory: 0x00007ffb75059ac0 | c0 9a 05 75 fb 7f 00 00
R13=0x000001f739365710 points into unknown readable memory: 0x00000000000007f6 | f6 07 00 00 00 00 00 00
R14=0x0000000000000040 is an unknown value
R15=0x0 is NULL


Registers:
RAX=0x000001f7393943ec, RBX=0x000000008352a281, RCX=0x0000000000000000, RDX=0x0000000000000080
RSP=0x000000b7d2aff190, RBP=0x0000000000000ccb, RSI=0x000000008352a280, RDI=0x000001f759ab49d0
R8 =0x000000008352a2b8, R9 =0x00007ffb74770000, R10=0x0000000008000000, R11=0x000000008352a240
R12=0x000000b7d2aff440, R13=0x000001f739365710, R14=0x0000000000000040, R15=0x0000000000000000
RIP=0x00007ffb74a6f211, EFLAGS=0x0000000000010246

Top of Stack: (sp=0x000000b7d2aff190)
0x000000b7d2aff190:   0000000000000001 0000000000000001
0x000000b7d2aff1a0:   000001f739370001 0000000000000009
0x000000b7d2aff1b0:   000000b7d2aff230 0000000000000000
0x000000b7d2aff1c0:   0000000000000200 00007ffb74a79ac1
0x000000b7d2aff1d0:   0000000081a3e618 000001f74fed8100
0x000000b7d2aff1e0:   0000000000000008 0000000000000200
0x000000b7d2aff1f0:   000000b7d2aff440 0000000081a3d600
0x000000b7d2aff200:   000001f759ab49d0 00007ffb74a6bf0e
0x000000b7d2aff210:   0000000000000000 000000b7d2aff440
0x000000b7d2aff220:   000001f74fed0000 0000000000000008
0x000000b7d2aff230:   00000000036ed657 00000003eb2c6d73
0x000000b7d2aff240:   000000b7d2aff440 0000000081a3d600
0x000000b7d2aff250:   0000000081a3e618 00007ffb74a7a423
0x000000b7d2aff260:   0000000081a3d600 000000b7d2aff280
0x000000b7d2aff270:   000000b7d2aff290 000001f739398370
0x000000b7d2aff280:   0000000081a3d600 0000000000000200 

Instructions: (pc=0x00007ffb74a6f211)
0x00007ffb74a6f111:   0b fd ff ff 66 66 66 0f 1f 84 00 00 00 00 00 48
0x00007ffb74a6f121:   8b 77 10 8b ae 80 00 00 00 8b cd 8b 86 00 01 00
0x00007ffb74a6f131:   00 2b c8 81 e1 ff ff 01 00 41 3b ce 0f 86 16 03
0x00007ffb74a6f141:   00 00 ff cd 81 e5 ff ff 01 00 89 ae 80 00 00 00
0x00007ffb74a6f151:   e8 aa aa 35 00 8b 86 00 01 00 00 8b cd 48 8b 9e
0x00007ffb74a6f161:   80 01 00 00 2b c8 81 e1 ff ff 01 00 8b d5 81 f9
0x00007ffb74a6f171:   ff ff 01 00 48 8b 1c eb 41 0f 44 cf 85 c9 75 41
0x00007ffb74a6f181:   48 8b 86 00 01 00 00 48 8b c8 48 89 44 24 28 48
0x00007ffb74a6f191:   c1 e9 20 ff c1 89 6c 24 20 89 4c 24 24 3b e8 0f
0x00007ffb74a6f1a1:   85 a1 02 00 00 48 c1 e1 20 48 0b ca f0 48 0f b1
0x00007ffb74a6f1b1:   8e 00 01 00 00 0f 85 8b 02 00 00 8b 86 00 01 00
0x00007ffb74a6f1c1:   00 f6 c3 01 0f 84 44 01 00 00 8b 0d 67 1e 77 00
0x00007ffb74a6f1d1:   48 8d 73 ff 48 8b 47 08 44 8b 16 49 d3 e2 4c 03
0x00007ffb74a6f1e1:   15 4a 1e 77 00 8b 88 78 05 00 00 49 8b d2 48 8b
0x00007ffb74a6f1f1:   80 68 05 00 00 48 d3 ea 0f b7 0c 50 66 89 8c 24
0x00007ffb74a6f201:   90 00 00 00 66 c1 e9 08 84 c9 0f 88 0f ff ff ff
0x00007ffb74a6f211:   4d 8b 02 41 0f b6 c0 24 03 3c 03 75 1e 44 38 3d
0x00007ffb74a6f221:   3d 87 7d 00 74 0f 41 0f b6 c0 24 07 3c 05 75 05
0x00007ffb74a6f231:   4d 8b c7 eb 1f 49 83 e0 fc eb 19 0f b7 94 24 90
0x00007ffb74a6f241:   00 00 00 4d 8b c8 4d 8b c2 48 8b cf e8 7e ee ff
0x00007ffb74a6f251:   ff 4c 8b c0 8b 0d dd 1d 77 00 49 8b d0 48 2b 15
0x00007ffb74a6f261:   cb 1d 77 00 48 d3 ea 89 16 49 8b d0 8b 0d 1d 90
0x00007ffb74a6f271:   7d 00 48 33 d6 48 d3 ea 48 85 d2 0f 84 9e fe ff
0x00007ffb74a6f281:   ff 48 8b 47 08 48 8b d6 8b 88 c0 01 00 00 48 8b
0x00007ffb74a6f291:   80 b0 01 00 00 48 d3 ea 48 8b 0c d0 8b 81 cc 00
0x00007ffb74a6f2a1:   00 00 d1 e8 a8 01 0f 85 73 fe ff ff 48 8b 47 08
0x00007ffb74a6f2b1:   8b 88 78 05 00 00 48 8b 80 68 05 00 00 49 d3 e8
0x00007ffb74a6f2c1:   46 38 3c 40 0f 84 55 fe ff ff 48 8b 87 80 00 00
0x00007ffb74a6f2d1:   00 48 c1 ee 09 48 8b 58 48 48 8b 50 40 48 03 de
0x00007ffb74a6f2e1:   48 2b da 48 39 9f d0 01 00 00 0f 84 2f fe ff ff
0x00007ffb74a6f2f1:   44 38 7f 28 48 8d 4f 18 74 08 48 03 d3 e8 3d be
0x00007ffb74a6f301:   3a 00 48 89 9f d0 01 00 00 e9 11 fe ff ff f6 c3 


Stack slot to memory mapping:
stack at sp + 0 slots: 0x0000000000000001 is an unknown value
stack at sp + 1 slots: 0x0000000000000001 is an unknown value
stack at sp + 2 slots: 0x000001f739370001 points into unknown readable memory: 00 00 00 01 00 00 00
stack at sp + 3 slots: 0x0000000000000009 is an unknown value
stack at sp + 4 slots: 0x000000b7d2aff230 points into unknown readable memory: 0x00000000036ed657 | 57 d6 6e 03 00 00 00 00
stack at sp + 5 slots: 0x0 is NULL
stack at sp + 6 slots: 0x0000000000000200 is an unknown value
stack at sp + 7 slots: 0x00007ffb74a79ac1 jvm.dll


---------------  P R O C E S S  ---------------

Threads class SMR info:
_java_thread_list=0x000001f75ba34bb0, length=26, elements={
0x000001f756b04e80, 0x000001f756b064e0, 0x000001f756b1bd10, 0x000001f756b1c820,
0x000001f756b1f140, 0x000001f756b1fa50, 0x000001f756b20410, 0x000001f756b508e0,
0x000001f756ae51f0, 0x000001f757871a90, 0x000001f757875040, 0x000001f757d7b010,
0x000001f758120fe0, 0x000001f75819c830, 0x000001f7594b1830, 0x000001f7594b1d50,
0x000001f7594b2270, 0x000001f75978a080, 0x000001f75978a5d0, 0x000001f75978b5c0,
0x000001f75978ab20, 0x000001f75badab10, 0x000001f75badbb00, 0x000001f75bade580,
0x000001f75badb060, 0x000001f75bae0560
}

Java Threads: ( => current thread )
  0x000001f756b04e80 JavaThread "Reference Handler" daemon [_thread_blocked, id=1924, stack(0x000000b7d1c00000,0x000000b7d1d00000)]
  0x000001f756b064e0 JavaThread "Finalizer" daemon [_thread_blocked, id=4440, stack(0x000000b7d1d00000,0x000000b7d1e00000)]
  0x000001f756b1bd10 JavaThread "Signal Dispatcher" daemon [_thread_blocked, id=3296, stack(0x000000b7d1e00000,0x000000b7d1f00000)]
  0x000001f756b1c820 JavaThread "Attach Listener" daemon [_thread_blocked, id=1272, stack(0x000000b7d1f00000,0x000000b7d2000000)]
  0x000001f756b1f140 JavaThread "Service Thread" daemon [_thread_blocked, id=2532, stack(0x000000b7d2000000,0x000000b7d2100000)]
  0x000001f756b1fa50 JavaThread "Monitor Deflation Thread" daemon [_thread_blocked, id=7528, stack(0x000000b7d2100000,0x000000b7d2200000)]
  0x000001f756b20410 JavaThread "C1 CompilerThread0" daemon [_thread_blocked, id=5068, stack(0x000000b7d2200000,0x000000b7d2300000)]
  0x000001f756b508e0 JavaThread "Sweeper thread" daemon [_thread_blocked, id=10088, stack(0x000000b7d2300000,0x000000b7d2400000)]
  0x000001f756ae51f0 JavaThread "Common-Cleaner" daemon [_thread_blocked, id=8204, stack(0x000000b7d2400000,0x000000b7d2500000)]
  0x000001f757871a90 JavaThread "Monitor Ctrl-Break" daemon [_thread_in_native, id=8516, stack(0x000000b7d2500000,0x000000b7d2600000)]
  0x000001f757875040 JavaThread "Notification Thread" daemon [_thread_blocked, id=7288, stack(0x000000b7d2600000,0x000000b7d2700000)]
  0x000001f757d7b010 JavaThread "RMI TCP Accept-0" daemon [_thread_blocked, id=3816, stack(0x000000b7d2700000,0x000000b7d2800000)]
  0x000001f758120fe0 JavaThread "RMI TCP Connection(1)-192.168.0.37" daemon [_thread_blocked, id=6424, stack(0x000000b7d2f00000,0x000000b7d3000000)]
  0x000001f75819c830 JavaThread "RMI Scheduler(0)" daemon [_thread_blocked, id=9612, stack(0x000000b7d3000000,0x000000b7d3100000)]
  0x000001f7594b1830 JavaThread "Catalina-utility-1" [_thread_blocked, id=5736, stack(0x000000b7d3100000,0x000000b7d3200000)]
  0x000001f7594b1d50 JavaThread "Catalina-utility-2" [_thread_blocked, id=3324, stack(0x000000b7d3200000,0x000000b7d3300000)]
  0x000001f7594b2270 JavaThread "container-0" [_thread_blocked, id=6092, stack(0x000000b7d3300000,0x000000b7d3400000)]
  0x000001f75978a080 JavaThread "mysql-cj-abandoned-connection-cleanup" daemon [_thread_blocked, id=2696, stack(0x000000b7d3400000,0x000000b7d3500000)]
  0x000001f75978a5d0 JavaThread "HikariPool-1 housekeeper" daemon [_thread_blocked, id=11036, stack(0x000000b7d3600000,0x000000b7d3700000)]
  0x000001f75978b5c0 JavaThread "HikariPool-1 connection adder" daemon [_thread_blocked, id=2008, stack(0x000000b7d3700000,0x000000b7d3800000)]
  0x000001f75978ab20 JavaThread "File Watcher" daemon [_thread_blocked, id=8620, stack(0x000000b7d3800000,0x000000b7d3900000)]
  0x000001f75badab10 JavaThread "Live Reload Server" daemon [_thread_in_native, id=9260, stack(0x000000b7d3a00000,0x000000b7d3b00000)]
  0x000001f75badbb00 JavaThread "http-nio-8080-Poller" daemon [_thread_in_native, id=3704, stack(0x000000b7d3900000,0x000000b7d3a00000)]
  0x000001f75bade580 JavaThread "http-nio-8080-Acceptor" daemon [_thread_in_native, id=4704, stack(0x000000b7d3b00000,0x000000b7d3c00000)]
  0x000001f75badb060 JavaThread "DestroyJavaVM" [_thread_blocked, id=2248, stack(0x000000b7d1500000,0x000000b7d1600000)]
  0x000001f75bae0560 JavaThread "JMX server connection timeout 47" daemon [_thread_blocked, id=8856, stack(0x000000b7d2d00000,0x000000b7d2e00000)]

Other Threads:
  0x000001f756b00a90 VMThread "VM Thread" [stack: 0x000000b7d1b00000,0x000000b7d1c00000] [id=10704]
  0x000001f7393583c0 WatcherThread [stack: 0x000000b7d2800000,0x000000b7d2900000] [id=3040]
  0x000001f739396cf0 GCTaskThread "GC Thread#0" [stack: 0x000000b7d1600000,0x000000b7d1700000] [id=6392]
  0x000001f757e01c50 GCTaskThread "GC Thread#1" [stack: 0x000000b7d2900000,0x000000b7d2a00000] [id=1520]
=>0x000001f757e01f60 GCTaskThread "GC Thread#2" [stack: 0x000000b7d2a00000,0x000000b7d2b00000] [id=10736]
  0x000001f757e1d2d0 GCTaskThread "GC Thread#3" [stack: 0x000000b7d2b00000,0x000000b7d2c00000] [id=1252]
  0x000001f7393a8c00 ConcurrentGCThread "G1 Main Marker" [stack: 0x000000b7d1700000,0x000000b7d1800000] [id=1404]
  0x000001f7393a9f50 ConcurrentGCThread "G1 Conc#0" [stack: 0x000000b7d1800000,0x000000b7d1900000] [id=8588]
  0x000001f7394211e0 ConcurrentGCThread "G1 Refine#0" [stack: 0x000000b7d1900000,0x000000b7d1a00000] [id=7604]
  0x000001f757e1da60 ConcurrentGCThread "G1 Refine#1" [stack: 0x000000b7d2c00000,0x000000b7d2d00000] [id=10712]
  0x000001f739422c70 ConcurrentGCThread "G1 Service" [stack: 0x000000b7d1a00000,0x000000b7d1b00000] [id=3604]

Threads with active compile tasks:
C1 CompilerThread0     5842 4920       1       java.lang.ClassLoader::getSystemClassLoader (96 bytes)

VM state: at safepoint (normal execution)

VM Mutex/Monitor currently owned by a thread:  ([mutex/lock_event])
[0x000001f739352d80] Threads_lock - owner thread: 0x000001f756b00a90
[0x000001f739353680] Heap_lock - owner thread: 0x000001f75bae0560

Heap address: 0x0000000080a00000, size: 2038 MB, Compressed Oops mode: 32-bit

CDS archive(s) mapped at: [0x0000000800000000-0x0000000800bb0000-0x0000000800bb0000), size 12255232, SharedBaseAddress: 0x0000000800000000, ArchiveRelocationMode: 0.
Compressed class space mapped at: 0x0000000800c00000-0x0000000840c00000, reserved size: 1073741824
Narrow klass base: 0x0000000800000000, Narrow klass shift: 3, Narrow klass range: 0x100000000

GC Precious Log:
 CPUs: 4 total, 4 available
 Memory: 8151M
 Large Page Support: Disabled
 NUMA Support: Disabled
 Compressed Oops: Enabled (32-bit)
 Heap Region Size: 1M
 Heap Min Capacity: 8M
 Heap Initial Capacity: 128M
 Heap Max Capacity: 2038M
 Pre-touch: Disabled
 Parallel Workers: 4
 Concurrent Workers: 1
 Concurrent Refinement Workers: 4
 Periodic GC: Disabled

Heap:
 garbage-first heap   total 78848K, used 57141K [0x0000000080a00000, 0x0000000100000000)
  region size 1024K, 37 young (37888K), 5 survivors (5120K)
 Metaspace       used 51003K, committed 51520K, reserved 1097728K
  class space    used 7028K, committed 7296K, reserved 1048576K

Heap Regions: E=young(eden), S=young(survivor), O=old, HS=humongous(starts), HC=humongous(continues), CS=collection set, F=free, OA=open archive, CA=closed archive, TAMS=top-at-mark-start (previous, next)
|   0|0x0000000080a00000, 0x0000000080b00000, 0x0000000080b00000|100%|HS|  |TAMS 0x0000000080b00000, 0x0000000080a00000| Complete 
|   1|0x0000000080b00000, 0x0000000080c00000, 0x0000000080c00000|100%| O|  |TAMS 0x0000000080c00000, 0x0000000080b00000| Untracked 
|   2|0x0000000080c00000, 0x0000000080d00000, 0x0000000080d00000|100%| O|  |TAMS 0x0000000080d00000, 0x0000000080c00000| Untracked 
|   3|0x0000000080d00000, 0x0000000080e00000, 0x0000000080e00000|100%| O|  |TAMS 0x0000000080e00000, 0x0000000080d00000| Untracked 
|   4|0x0000000080e00000, 0x0000000080f00000, 0x0000000080f00000|100%| O|  |TAMS 0x0000000080f00000, 0x0000000080e00000| Untracked 
|   5|0x0000000080f00000, 0x0000000081000000, 0x0000000081000000|100%| O|  |TAMS 0x0000000081000000, 0x0000000080f00000| Untracked 
|   6|0x0000000081000000, 0x0000000081100000, 0x0000000081100000|100%| O|  |TAMS 0x0000000081100000, 0x0000000081000000| Untracked 
|   7|0x0000000081100000, 0x0000000081200000, 0x0000000081200000|100%| O|  |TAMS 0x0000000081200000, 0x0000000081100000| Untracked 
|   8|0x0000000081200000, 0x0000000081300000, 0x0000000081300000|100%| O|  |TAMS 0x0000000081300000, 0x0000000081200000| Untracked 
|   9|0x0000000081300000, 0x0000000081400000, 0x0000000081400000|100%| O|  |TAMS 0x0000000081400000, 0x0000000081300000| Untracked 
|  10|0x0000000081400000, 0x0000000081406200, 0x0000000081500000|  2%| O|  |TAMS 0x0000000081406200, 0x0000000081400000| Untracked 
|  11|0x0000000081500000, 0x0000000081600000, 0x0000000081600000|100%| O|  |TAMS 0x0000000081600000, 0x0000000081500000| Untracked 
|  12|0x0000000081600000, 0x0000000081700000, 0x0000000081700000|100%| O|  |TAMS 0x0000000081700000, 0x0000000081600000| Untracked 
|  13|0x0000000081700000, 0x0000000081800000, 0x0000000081800000|100%| O|  |TAMS 0x0000000081800000, 0x0000000081700000| Untracked 
|  14|0x0000000081800000, 0x0000000081900000, 0x0000000081900000|100%| O|  |TAMS 0x0000000081900000, 0x0000000081800000| Untracked 
|  15|0x0000000081900000, 0x0000000081a00000, 0x0000000081a00000|100%| O|  |TAMS 0x0000000081a00000, 0x0000000081900000| Untracked 
|  16|0x0000000081a00000, 0x0000000081a8c000, 0x0000000081b00000| 54%| O|  |TAMS 0x0000000081a8c000, 0x0000000081a00000| Untracked 
|  17|0x0000000081b00000, 0x0000000081c00000, 0x0000000081c00000|100%| O|  |TAMS 0x0000000081b00000, 0x0000000081b00000| Untracked 
|  18|0x0000000081c00000, 0x0000000081d00000, 0x0000000081d00000|100%| O|  |TAMS 0x0000000081c00000, 0x0000000081c00000| Untracked 
|  19|0x0000000081d00000, 0x0000000081e00000, 0x0000000081e00000|100%| O|  |TAMS 0x0000000081d00000, 0x0000000081d00000| Untracked 
|  20|0x0000000081e00000, 0x0000000081f00000, 0x0000000081f00000|100%| O|  |TAMS 0x0000000081e00000, 0x0000000081e00000| Untracked 
|  21|0x0000000081f00000, 0x0000000082000000, 0x0000000082000000|100%| O|  |TAMS 0x0000000081f00000, 0x0000000081f00000| Untracked 
|  22|0x0000000082000000, 0x00000000820c5030, 0x0000000082100000| 76%| O|  |TAMS 0x0000000082000000, 0x0000000082000000| Untracked 
|  23|0x0000000082100000, 0x0000000082100000, 0x0000000082200000|  0%| F|  |TAMS 0x0000000082100000, 0x0000000082100000| Untracked 
|  24|0x0000000082200000, 0x0000000082200000, 0x0000000082300000|  0%| F|  |TAMS 0x0000000082200000, 0x0000000082200000| Untracked 
|  25|0x0000000082300000, 0x0000000082300000, 0x0000000082400000|  0%| F|  |TAMS 0x0000000082300000, 0x0000000082300000| Untracked 
|  26|0x0000000082400000, 0x0000000082400000, 0x0000000082500000|  0%| F|  |TAMS 0x0000000082400000, 0x0000000082400000| Untracked 
|  27|0x0000000082500000, 0x0000000082500000, 0x0000000082600000|  0%| F|  |TAMS 0x0000000082500000, 0x0000000082500000| Untracked 
|  28|0x0000000082600000, 0x0000000082600000, 0x0000000082700000|  0%| F|  |TAMS 0x0000000082600000, 0x0000000082600000| Untracked 
|  29|0x0000000082700000, 0x0000000082700000, 0x0000000082800000|  0%| F|  |TAMS 0x0000000082700000, 0x0000000082700000| Untracked 
|  30|0x0000000082800000, 0x0000000082800000, 0x0000000082900000|  0%| F|  |TAMS 0x0000000082800000, 0x0000000082800000| Untracked 
|  31|0x0000000082900000, 0x0000000082900000, 0x0000000082a00000|  0%| F|  |TAMS 0x0000000082900000, 0x0000000082900000| Untracked 
|  32|0x0000000082a00000, 0x0000000082a00000, 0x0000000082b00000|  0%| F|  |TAMS 0x0000000082a00000, 0x0000000082a00000| Untracked 
|  33|0x0000000082b00000, 0x0000000082b00000, 0x0000000082c00000|  0%| F|  |TAMS 0x0000000082b00000, 0x0000000082b00000| Untracked 
|  34|0x0000000082c00000, 0x0000000082c00000, 0x0000000082d00000|  0%| F|  |TAMS 0x0000000082c00000, 0x0000000082c00000| Untracked 
|  35|0x0000000082d00000, 0x0000000082e00000, 0x0000000082e00000|100%| S|  |TAMS 0x0000000082d00000, 0x0000000082d00000| Complete 
|  36|0x0000000082e00000, 0x0000000082f00000, 0x0000000082f00000|100%| S|  |TAMS 0x0000000082e00000, 0x0000000082e00000| Complete 
|  37|0x0000000082f00000, 0x0000000083000000, 0x0000000083000000|100%| S|  |TAMS 0x0000000082f00000, 0x0000000082f00000| Complete 
|  38|0x0000000083000000, 0x000000008302ac68, 0x0000000083100000| 16%| E|CS|TAMS 0x0000000083000000, 0x0000000083000000| Complete 
|  39|0x0000000083100000, 0x0000000083200000, 0x0000000083200000|100%| E|CS|TAMS 0x0000000083100000, 0x0000000083100000| Complete 
|  40|0x0000000083200000, 0x0000000083300000, 0x0000000083300000|100%| E|CS|TAMS 0x0000000083200000, 0x0000000083200000| Complete 
|  41|0x0000000083300000, 0x0000000083400000, 0x0000000083400000|100%| E|CS|TAMS 0x0000000083300000, 0x0000000083300000| Complete 
|  42|0x0000000083400000, 0x0000000083500000, 0x0000000083500000|100%| E|CS|TAMS 0x0000000083400000, 0x0000000083400000| Complete 
|  43|0x0000000083500000, 0x0000000083600000, 0x0000000083600000|100%| S|  |TAMS 0x0000000083500000, 0x0000000083500000| Complete 
|  44|0x0000000083600000, 0x0000000083700000, 0x0000000083700000|100%| S|  |TAMS 0x0000000083600000, 0x0000000083600000| Complete 
|  45|0x0000000083700000, 0x0000000083800000, 0x0000000083800000|100%| E|CS|TAMS 0x0000000083700000, 0x0000000083700000| Complete 
|  46|0x0000000083800000, 0x0000000083900000, 0x0000000083900000|100%| E|CS|TAMS 0x0000000083800000, 0x0000000083800000| Complete 
|  47|0x0000000083900000, 0x0000000083a00000, 0x0000000083a00000|100%| E|CS|TAMS 0x0000000083900000, 0x0000000083900000| Complete 
|  48|0x0000000083a00000, 0x0000000083b00000, 0x0000000083b00000|100%| E|CS|TAMS 0x0000000083a00000, 0x0000000083a00000| Complete 
|  49|0x0000000083b00000, 0x0000000083c00000, 0x0000000083c00000|100%| E|CS|TAMS 0x0000000083b00000, 0x0000000083b00000| Complete 
|  50|0x0000000083c00000, 0x0000000083d00000, 0x0000000083d00000|100%| E|CS|TAMS 0x0000000083c00000, 0x0000000083c00000| Complete 
|  51|0x0000000083d00000, 0x0000000083e00000, 0x0000000083e00000|100%| E|CS|TAMS 0x0000000083d00000, 0x0000000083d00000| Complete 
|  52|0x0000000083e00000, 0x0000000083f00000, 0x0000000083f00000|100%| E|CS|TAMS 0x0000000083e00000, 0x0000000083e00000| Complete 
|  53|0x0000000083f00000, 0x0000000084000000, 0x0000000084000000|100%| E|CS|TAMS 0x0000000083f00000, 0x0000000083f00000| Complete 
|  54|0x0000000084000000, 0x0000000084100000, 0x0000000084100000|100%| E|CS|TAMS 0x0000000084000000, 0x0000000084000000| Complete 
|  55|0x0000000084100000, 0x0000000084200000, 0x0000000084200000|100%| E|CS|TAMS 0x0000000084100000, 0x0000000084100000| Complete 
|  56|0x0000000084200000, 0x0000000084300000, 0x0000000084300000|100%| E|CS|TAMS 0x0000000084200000, 0x0000000084200000| Complete 
|  57|0x0000000084300000, 0x0000000084400000, 0x0000000084400000|100%| E|CS|TAMS 0x0000000084300000, 0x0000000084300000| Complete 
|  58|0x0000000084400000, 0x0000000084500000, 0x0000000084500000|100%| E|CS|TAMS 0x0000000084400000, 0x0000000084400000| Complete 
|  59|0x0000000084500000, 0x0000000084600000, 0x0000000084600000|100%| E|CS|TAMS 0x0000000084500000, 0x0000000084500000| Complete 
|  60|0x0000000084600000, 0x0000000084700000, 0x0000000084700000|100%| E|CS|TAMS 0x0000000084600000, 0x0000000084600000| Complete 
|  61|0x0000000084700000, 0x0000000084800000, 0x0000000084800000|100%| E|CS|TAMS 0x0000000084700000, 0x0000000084700000| Complete 
|  62|0x0000000084800000, 0x0000000084900000, 0x0000000084900000|100%| E|CS|TAMS 0x0000000084800000, 0x0000000084800000| Complete 
|  63|0x0000000084900000, 0x0000000084a00000, 0x0000000084a00000|100%| E|CS|TAMS 0x0000000084900000, 0x0000000084900000| Complete 
|  64|0x0000000084a00000, 0x0000000084b00000, 0x0000000084b00000|100%| E|CS|TAMS 0x0000000084a00000, 0x0000000084a00000| Complete 
|  65|0x0000000084b00000, 0x0000000084c00000, 0x0000000084c00000|100%| E|CS|TAMS 0x0000000084b00000, 0x0000000084b00000| Complete 
|  66|0x0000000084c00000, 0x0000000084d00000, 0x0000000084d00000|100%| E|CS|TAMS 0x0000000084c00000, 0x0000000084c00000| Complete 
|  67|0x0000000084d00000, 0x0000000084e00000, 0x0000000084e00000|100%| E|CS|TAMS 0x0000000084d00000, 0x0000000084d00000| Complete 
|  68|0x0000000084e00000, 0x0000000084f00000, 0x0000000084f00000|100%| E|CS|TAMS 0x0000000084e00000, 0x0000000084e00000| Complete 
|  69|0x0000000084f00000, 0x0000000085000000, 0x0000000085000000|100%| E|CS|TAMS 0x0000000084f00000, 0x0000000084f00000| Complete 
|  70|0x0000000085000000, 0x0000000085100000, 0x0000000085100000|100%| E|CS|TAMS 0x0000000085000000, 0x0000000085000000| Complete 
|  92|0x0000000086600000, 0x0000000086700000, 0x0000000086700000|100%| E|CS|TAMS 0x0000000086600000, 0x0000000086600000| Complete 
|  93|0x0000000086700000, 0x0000000086800000, 0x0000000086800000|100%| E|CS|TAMS 0x0000000086700000, 0x0000000086700000| Complete 
|  94|0x0000000086800000, 0x0000000086900000, 0x0000000086900000|100%| E|CS|TAMS 0x0000000086800000, 0x0000000086800000| Complete 
|  95|0x0000000086900000, 0x0000000086a00000, 0x0000000086a00000|100%| E|CS|TAMS 0x0000000086900000, 0x0000000086900000| Complete 
|  96|0x0000000086a00000, 0x0000000086b00000, 0x0000000086b00000|100%| E|CS|TAMS 0x0000000086a00000, 0x0000000086a00000| Complete 
| 127|0x0000000088900000, 0x0000000088a00000, 0x0000000088a00000|100%| E|CS|TAMS 0x0000000088900000, 0x0000000088900000| Complete 

Card table byte_map: [0x000001f74fed0000,0x000001f7502d0000] _byte_map_base: 0x000001f74facb000

Marking Bits (Prev, Next): (CMBitMap*) 0x000001f739398370, (CMBitMap*) 0x000001f7393983b0
 Prev Bits: [0x000001f7506d0000, 0x000001f7526a8000)
 Next Bits: [0x000001f7526b0000, 0x000001f754688000)

Polling page: 0x000001f737180000

Metaspace:

Usage:
  Non-class:     42.94 MB used.
      Class:      6.86 MB used.
       Both:     49.81 MB used.

Virtual space:
  Non-class space:       48.00 MB reserved,      43.19 MB ( 90%) committed,  6 nodes.
      Class space:        1.00 GB reserved,       7.12 MB ( <1%) committed,  1 nodes.
              Both:        1.05 GB reserved,      50.31 MB (  5%) committed. 

Chunk freelists:
   Non-Class:  505.00 KB
       Class:  749.00 KB
        Both:  1.22 MB

MaxMetaspaceSize: 17179869184.00 GB
CompressedClassSpaceSize: 1.00 GB
 - commit_granule_bytes: 65536.
 - commit_granule_words: 8192.
 - virtual_space_node_default_size: 1048576.
 - enlarge_chunks_in_place: 1.
 - new_chunks_are_fully_committed: 0.
 - uncommit_free_chunks: 1.
 - use_allocation_guard: 0.
 - handle_deallocations: 1.


Internal statistics:

num_allocs_failed_limit: 6.
num_arena_births: 538.
num_arena_deaths: 0.
num_vsnodes_births: 7.
num_vsnodes_deaths: 0.
num_space_committed: 805.
num_space_uncommitted: 0.
num_chunks_returned_to_freelist: 6.
num_chunks_taken_from_freelist: 2363.
num_chunk_merges: 3.
num_chunk_splits: 1609.
num_chunks_enlarged: 1202.
num_purges: 0.

CodeHeap 'non-profiled nmethods': size=238912Kb used=7959Kb max_used=7959Kb free=230952Kb
 bounds [0x000001f741180000, 0x000001f741950000, 0x000001f74fad0000]
CodeHeap 'non-nmethods': size=6848Kb used=1310Kb max_used=1310Kb free=5537Kb
 bounds [0x000001f740ad0000, 0x000001f740d40000, 0x000001f741180000]
 total_blobs=5555 nmethods=4919 adapters=564
 compilation: enabled
              stopped_count=0, restarted_count=0
 full_count=0

Compilation events (20 events):
Event: 5.559 Thread 0x000001f756b20410 nmethod 4912 0x000001f741942a90 code [0x000001f741942c80, 0x000001f741943138]
Event: 5.559 Thread 0x000001f756b20410 4910       1       org.springframework.boot.autoconfigure.condition.ConditionEvaluationReport$$Lambda$1174/0x00000008012f7a68::accept (16 bytes)
Event: 5.559 Thread 0x000001f756b20410 nmethod 4910 0x000001f741943390 code [0x000001f741943540, 0x000001f7419436f8]
Event: 5.559 Thread 0x000001f756b20410 4911       1       org.springframework.boot.autoconfigure.condition.ConditionEvaluationReport::lambda$getConditionAndOutcomesBySource$0 (13 bytes)
Event: 5.559 Thread 0x000001f756b20410 nmethod 4911 0x000001f741943810 code [0x000001f7419439c0, 0x000001f741943ad8]
Event: 5.559 Thread 0x000001f756b20410 4913       1       org.springframework.boot.autoconfigure.condition.ConditionEvaluationReport$ConditionAndOutcomes::iterator (13 bytes)
Event: 5.560 Thread 0x000001f756b20410 nmethod 4913 0x000001f741943b90 code [0x000001f741943d60, 0x000001f7419440f8]
Event: 5.565 Thread 0x000001f756b20410 4914       1       java.util.IdentityHashMap::init (11 bytes)
Event: 5.565 Thread 0x000001f756b20410 nmethod 4914 0x000001f741944290 code [0x000001f741944420, 0x000001f7419445d8]
Event: 5.565 Thread 0x000001f756b20410 4915       1       java.util.IdentityHashMap::<init> (44 bytes)
Event: 5.566 Thread 0x000001f756b20410 nmethod 4915 0x000001f741944690 code [0x000001f7419448a0, 0x000001f741944e28]
Event: 5.566 Thread 0x000001f756b20410 4916       1       java.util.IdentityHashMap::capacity (29 bytes)
Event: 5.566 Thread 0x000001f756b20410 nmethod 4916 0x000001f741945090 code [0x000001f741945220, 0x000001f741945328]
Event: 5.751 Thread 0x000001f756b20410 4917       1       java.io.ObjectStreamField::getField (5 bytes)
Event: 5.751 Thread 0x000001f756b20410 nmethod 4917 0x000001f741945410 code [0x000001f7419455a0, 0x000001f741945678]
Event: 5.752 Thread 0x000001f756b20410 4918       1       java.io.ObjectStreamClass::processQueue (21 bytes)
Event: 5.753 Thread 0x000001f756b20410 nmethod 4918 0x000001f741945710 code [0x000001f7419458c0, 0x000001f741945ad8]
Event: 5.753 Thread 0x000001f756b20410 4919       1       sun.util.logging.internal.LoggingProviderImpl$JULWrapper::toJUL (40 bytes)
Event: 5.753 Thread 0x000001f756b20410 nmethod 4919 0x000001f741945c10 code [0x000001f741945dc0, 0x000001f741945ed8]
Event: 5.757 Thread 0x000001f756b20410 4920       1       java.lang.ClassLoader::getSystemClassLoader (96 bytes)

GC Heap History (20 events):
Event: 1.623 GC heap after
{Heap after GC invocations=4 (full 0):
 garbage-first heap   total 131072K, used 10600K [0x0000000080a00000, 0x0000000100000000)
  region size 1024K, 4 young (4096K), 4 survivors (4096K)
 Metaspace       used 15592K, committed 15872K, reserved 1064960K
  class space    used 2026K, committed 2176K, reserved 1048576K
}
Event: 2.389 GC heap before
{Heap before GC invocations=4 (full 0):
 garbage-first heap   total 131072K, used 83304K [0x0000000080a00000, 0x0000000100000000)
  region size 1024K, 76 young (77824K), 4 survivors (4096K)
 Metaspace       used 20438K, committed 20864K, reserved 1073152K
  class space    used 2739K, committed 2944K, reserved 1048576K
}
Event: 2.395 GC heap after
{Heap after GC invocations=5 (full 0):
 garbage-first heap   total 131072K, used 13425K [0x0000000080a00000, 0x0000000100000000)
  region size 1024K, 7 young (7168K), 7 survivors (7168K)
 Metaspace       used 20438K, committed 20864K, reserved 1073152K
  class space    used 2739K, committed 2944K, reserved 1048576K
}
Event: 2.456 GC heap before
{Heap before GC invocations=5 (full 0):
 garbage-first heap   total 131072K, used 16497K [0x0000000080a00000, 0x0000000100000000)
  region size 1024K, 11 young (11264K), 7 survivors (7168K)
 Metaspace       used 20947K, committed 21248K, reserved 1073152K
  class space    used 2820K, committed 2944K, reserved 1048576K
}
Event: 2.462 GC heap after
{Heap after GC invocations=6 (full 0):
 garbage-first heap   total 131072K, used 13855K [0x0000000080a00000, 0x0000000100000000)
  region size 1024K, 4 young (4096K), 4 survivors (4096K)
 Metaspace       used 20947K, committed 21248K, reserved 1073152K
  class space    used 2820K, committed 2944K, reserved 1048576K
}
Event: 2.853 GC heap before
{Heap before GC invocations=7 (full 0):
 garbage-first heap   total 55296K, used 41503K [0x0000000080a00000, 0x0000000100000000)
  region size 1024K, 32 young (32768K), 4 survivors (4096K)
 Metaspace       used 23710K, committed 24064K, reserved 1073152K
  class space    used 3222K, committed 3392K, reserved 1048576K
}
Event: 2.859 GC heap after
{Heap after GC invocations=8 (full 0):
 garbage-first heap   total 55296K, used 15808K [0x0000000080a00000, 0x0000000100000000)
  region size 1024K, 3 young (3072K), 3 survivors (3072K)
 Metaspace       used 23710K, committed 24064K, reserved 1073152K
  class space    used 3222K, committed 3392K, reserved 1048576K
}
Event: 2.865 GC heap before
{Heap before GC invocations=8 (full 0):
 garbage-first heap   total 55296K, used 38336K [0x0000000080a00000, 0x0000000100000000)
  region size 1024K, 26 young (26624K), 3 survivors (3072K)
 Metaspace       used 23710K, committed 24064K, reserved 1073152K
  class space    used 3222K, committed 3392K, reserved 1048576K
}
Event: 2.869 GC heap after
{Heap after GC invocations=9 (full 0):
 garbage-first heap   total 55296K, used 16029K [0x0000000080a00000, 0x0000000100000000)
  region size 1024K, 3 young (3072K), 3 survivors (3072K)
 Metaspace       used 23710K, committed 24064K, reserved 1073152K
  class space    used 3222K, committed 3392K, reserved 1048576K
}
Event: 2.975 GC heap before
{Heap before GC invocations=9 (full 0):
 garbage-first heap   total 55296K, used 38557K [0x0000000080a00000, 0x0000000100000000)
  region size 1024K, 26 young (26624K), 3 survivors (3072K)
 Metaspace       used 24163K, committed 24512K, reserved 1073152K
  class space    used 3260K, committed 3456K, reserved 1048576K
}
Event: 2.979 GC heap after
{Heap after GC invocations=10 (full 0):
 garbage-first heap   total 110592K, used 16478K [0x0000000080a00000, 0x0000000100000000)
  region size 1024K, 1 young (1024K), 1 survivors (1024K)
 Metaspace       used 24163K, committed 24512K, reserved 1073152K
  class space    used 3260K, committed 3456K, reserved 1048576K
}
Event: 3.694 GC heap before
{Heap before GC invocations=10 (full 0):
 garbage-first heap   total 110592K, used 79966K [0x0000000080a00000, 0x0000000100000000)
  region size 1024K, 64 young (65536K), 1 survivors (1024K)
 Metaspace       used 30520K, committed 30912K, reserved 1081344K
  class space    used 4235K, committed 4416K, reserved 1048576K
}
Event: 3.698 GC heap after
{Heap after GC invocations=11 (full 0):
 garbage-first heap   total 110592K, used 17758K [0x0000000080a00000, 0x0000000100000000)
  region size 1024K, 2 young (2048K), 2 survivors (2048K)
 Metaspace       used 30520K, committed 30912K, reserved 1081344K
  class space    used 4235K, committed 4416K, reserved 1048576K
}
Event: 3.979 GC heap before
{Heap before GC invocations=11 (full 0):
 garbage-first heap   total 110592K, used 27998K [0x0000000080a00000, 0x0000000100000000)
  region size 1024K, 13 young (13312K), 2 survivors (2048K)
 Metaspace       used 35307K, committed 35648K, reserved 1081344K
  class space    used 4799K, committed 4992K, reserved 1048576K
}
Event: 3.984 GC heap after
{Heap after GC invocations=12 (full 0):
 garbage-first heap   total 110592K, used 20150K [0x0000000080a00000, 0x0000000100000000)
  region size 1024K, 5 young (5120K), 5 survivors (5120K)
 Metaspace       used 35307K, committed 35648K, reserved 1081344K
  class space    used 4799K, committed 4992K, reserved 1048576K
}
Event: 4.481 GC heap before
{Heap before GC invocations=13 (full 0):
 garbage-first heap   total 78848K, used 61110K [0x0000000080a00000, 0x0000000100000000)
  region size 1024K, 46 young (47104K), 5 survivors (5120K)
 Metaspace       used 41391K, committed 41792K, reserved 1089536K
  class space    used 5674K, committed 5888K, reserved 1048576K
}
Event: 4.486 GC heap after
{Heap after GC invocations=14 (full 0):
 garbage-first heap   total 78848K, used 21810K [0x0000000080a00000, 0x0000000100000000)
  region size 1024K, 4 young (4096K), 4 survivors (4096K)
 Metaspace       used 41391K, committed 41792K, reserved 1089536K
  class space    used 5674K, committed 5888K, reserved 1048576K
}
Event: 5.048 GC heap before
{Heap before GC invocations=14 (full 0):
 garbage-first heap   total 78848K, used 56626K [0x0000000080a00000, 0x0000000100000000)
  region size 1024K, 38 young (38912K), 4 survivors (4096K)
 Metaspace       used 47131K, committed 47552K, reserved 1097728K
  class space    used 6477K, committed 6656K, reserved 1048576K
}
Event: 5.053 GC heap after
{Heap after GC invocations=15 (full 0):
 garbage-first heap   total 78848K, used 24373K [0x0000000080a00000, 0x0000000100000000)
  region size 1024K, 5 young (5120K), 5 survivors (5120K)
 Metaspace       used 47131K, committed 47552K, reserved 1097728K
  class space    used 6477K, committed 6656K, reserved 1048576K
}
Event: 5.758 GC heap before
{Heap before GC invocations=15 (full 0):
 garbage-first heap   total 78848K, used 57141K [0x0000000080a00000, 0x0000000100000000)
  region size 1024K, 37 young (37888K), 5 survivors (5120K)
 Metaspace       used 51003K, committed 51520K, reserved 1097728K
  class space    used 7028K, committed 7296K, reserved 1048576K
}

Deoptimization events (4 events):
Event: 2.144 Thread 0x000001f75804b320 DEOPT PACKING pc=0x000001f741476dd4 sp=0x000000b7d2efcc00
Event: 2.144 Thread 0x000001f75804b320 DEOPT UNPACKING pc=0x000001f740b1deaf sp=0x000000b7d2efc158 mode 0
Event: 4.890 Thread 0x000001f75804b320 DEOPT PACKING pc=0x000001f741485cea sp=0x000000b7d2efc770
Event: 4.890 Thread 0x000001f75804b320 DEOPT UNPACKING pc=0x000001f740b1deaf sp=0x000000b7d2efbc78 mode 3

Classes unloaded (0 events):
No events

Classes redefined (0 events):
No events

Internal exceptions (20 events):
Event: 4.930 Thread 0x000001f75804b320 Exception <a 'java/lang/ClassNotFoundException'{0x0000000083a816a0}: org/springframework/context/ApplicationContextAwareCustomizer> (0x0000000083a816a0) 
thrown [t:\workspace\open\src\hotspot\share\classfile\systemDictionary.cpp, line 256]
Event: 4.931 Thread 0x000001f75804b320 Exception <a 'java/lang/ClassNotFoundException'{0x0000000083a88e88}: org/springframework/beans/factory/AwareCustomizer> (0x0000000083a88e88) 
thrown [t:\workspace\open\src\hotspot\share\classfile\systemDictionary.cpp, line 256]
Event: 4.931 Thread 0x000001f75804b320 Exception <a 'java/lang/ClassNotFoundException'{0x0000000083a8ef90}: org/springframework/web/context/ServletContextAwareCustomizer> (0x0000000083a8ef90) 
thrown [t:\workspace\open\src\hotspot\share\classfile\systemDictionary.cpp, line 256]
Event: 4.931 Thread 0x000001f75804b320 Exception <a 'java/lang/ClassNotFoundException'{0x0000000083a96000}: org/springframework/beans/factory/AwareCustomizer> (0x0000000083a96000) 
thrown [t:\workspace\open\src\hotspot\share\classfile\systemDictionary.cpp, line 256]
Event: 4.956 Thread 0x000001f75804b320 Exception <a 'java/lang/ClassNotFoundException'{0x0000000083830b48}: java/lang/ObjectCustomizer> (0x0000000083830b48) 
thrown [t:\workspace\open\src\hotspot\share\classfile\systemDictionary.cpp, line 256]
Event: 4.957 Thread 0x000001f75804b320 Exception <a 'java/lang/ClassNotFoundException'{0x000000008383a408}: org/springframework/security/config/annotation/web/configuration/WebSecurityConfigurationCustomizer> (0x000000008383a408) 
thrown [t:\workspace\open\src\hotspot\share\classfile\systemDictionary.cpp, line 256]
Event: 4.958 Thread 0x000001f75804b320 Exception <a 'java/lang/ClassNotFoundException'{0x000000008384a810}: org/springframework/context/annotation/ImportAwareCustomizer> (0x000000008384a810) 
thrown [t:\workspace\open\src\hotspot\share\classfile\systemDictionary.cpp, line 256]
Event: 4.958 Thread 0x000001f75804b320 Exception <a 'java/lang/ClassNotFoundException'{0x00000000838509d0}: org/springframework/beans/factory/AwareCustomizer> (0x00000000838509d0) 
thrown [t:\workspace\open\src\hotspot\share\classfile\systemDictionary.cpp, line 256]
Event: 4.959 Thread 0x000001f75804b320 Exception <a 'java/lang/ClassNotFoundException'{0x0000000083856198}: org/springframework/beans/factory/BeanClassLoaderAwareCustomizer> (0x0000000083856198) 
thrown [t:\workspace\open\src\hotspot\share\classfile\systemDictionary.cpp, line 256]
Event: 4.959 Thread 0x000001f75804b320 Exception <a 'java/lang/ClassNotFoundException'{0x000000008385c368}: org/springframework/beans/factory/AwareCustomizer> (0x000000008385c368) 
thrown [t:\workspace\open\src\hotspot\share\classfile\systemDictionary.cpp, line 256]
Event: 5.202 Thread 0x000001f75804b320 Exception <a 'java/lang/ClassNotFoundException'{0x00000000850e54e8}: java/lang/ObjectCustomizer> (0x00000000850e54e8) 
thrown [t:\workspace\open\src\hotspot\share\classfile\systemDictionary.cpp, line 256]
Event: 5.202 Thread 0x000001f75804b320 Exception <a 'java/lang/ClassNotFoundException'{0x00000000850eedd8}: org/springframework/security/config/annotation/web/configuration/HttpSecurityConfigurationCustomizer> (0x00000000850eedd8) 
thrown [t:\workspace\open\src\hotspot\share\classfile\systemDictionary.cpp, line 256]
Event: 5.242 Thread 0x000001f758120fe0 Exception <a 'java/lang/reflect/InvocationTargetException'{0x0000000084db2f08}> (0x0000000084db2f08) 
thrown [t:\workspace\open\src\hotspot\share\runtime\reflection.cpp, line 1157]
Event: 5.303 Thread 0x000001f75804b320 Exception <a 'java/lang/NoSuchMethodError'{0x0000000084837e20}: 'void java.lang.invoke.DirectMethodHandle$Holder.invokeVirtual(java.lang.Object, java.lang.Object, int)'> (0x0000000084837e20) 
thrown [t:\workspace\open\src\hotspot\share\interpreter\linkResolver.cpp, line 790]
Event: 5.305 Thread 0x000001f75804b320 Exception <a 'java/lang/NoSuchMethodError'{0x0000000084853188}: 'void java.lang.invoke.DirectMethodHandle$Holder.invokeVirtual(java.lang.Object, java.lang.Object, long)'> (0x0000000084853188) 
thrown [t:\workspace\open\src\hotspot\share\interpreter\linkResolver.cpp, line 790]
Event: 5.384 Thread 0x000001f75804b320 Exception <a 'java/lang/IncompatibleClassChangeError'{0x000000008437dc50}: Found class java.lang.Object, but interface was expected> (0x000000008437dc50) 
thrown [t:\workspace\open\src\hotspot\share\interpreter\linkResolver.cpp, line 857]
Event: 5.532 Thread 0x000001f75804b320 Exception <a 'java/lang/NoSuchMethodError'{0x00000000839715d8}: 'java.lang.Object java.lang.invoke.DirectMethodHandle$Holder.invokeSpecial(java.lang.Object, java.lang.Object, int, java.lang.Object, int, java.lang.Object)'> (0x00000000839715d8) 
thrown [t:\workspace\open\src\hotspot\share\interpreter\linkResolver.cpp, line 790]
Event: 5.532 Thread 0x000001f75804b320 Exception <a 'java/lang/NoSuchMethodError'{0x0000000083979c40}: 'java.lang.Object java.lang.invoke.DirectMethodHandle$Holder.newInvokeSpecial(java.lang.Object, java.lang.Object, int, java.lang.Object, int)'> (0x0000000083979c40) 
thrown [t:\workspace\open\src\hotspot\share\interpreter\linkResolver.cpp, line 790]
Event: 5.533 Thread 0x000001f75804b320 Exception <a 'java/lang/NoSuchMethodError'{0x000000008397de50}: 'java.lang.Object java.lang.invoke.DirectMethodHandle$Holder.invokeSpecial(java.lang.Object, java.lang.Object, java.lang.Object, int, java.lang.Object, int)'> (0x000000008397de50) 
thrown [t:\workspace\open\src\hotspot\share\interpreter\linkResolver.cpp, line 790]
Event: 5.533 Thread 0x000001f75804b320 Exception <a 'java/lang/NoSuchMethodError'{0x0000000083988ce0}: 'void java.lang.invoke.DirectMethodHandle$Holder.invokeVirtual(java.lang.Object, java.lang.Object)'> (0x0000000083988ce0) 
thrown [t:\workspace\open\src\hotspot\share\interpreter\linkResolver.cpp, line 790]

Events (20 events):
Event: 5.566 loading class java/beans/WeakIdentityMap
Event: 5.566 loading class java/beans/WeakIdentityMap done
Event: 5.566 loading class java/beans/ThreadGroupContext$1 done
Event: 5.566 loading class java/beans/WeakIdentityMap$Entry
Event: 5.566 loading class java/beans/WeakIdentityMap$Entry done
Event: 5.567 loading class java/util/stream/LongStream
Event: 5.567 loading class java/util/stream/LongStream done
Event: 5.567 loading class java/util/stream/DoubleStream
Event: 5.568 loading class java/util/stream/DoubleStream done
Event: 5.568 Thread 0x000001f758049d70 Thread exited: 0x000001f758049d70
Event: 5.568 Thread 0x000001f7393573c0 Thread exited: 0x000001f7393573c0
Event: 5.568 Thread 0x000001f75badb060 Thread added: 0x000001f75badb060
Event: 5.750 Thread 0x000001f75badb5b0 Thread added: 0x000001f75badb5b0
Event: 5.752 loading class sun/reflect/misc/MethodUtil
Event: 5.753 loading class sun/reflect/misc/MethodUtil done
Event: 5.753 loading class sun/reflect/misc/MethodUtil$1
Event: 5.753 loading class sun/reflect/misc/MethodUtil$1 done
Event: 5.757 Thread 0x000001f75badb5b0 Thread exited: 0x000001f75badb5b0
Event: 5.757 Thread 0x000001f75bae0560 Thread added: 0x000001f75bae0560
Event: 5.758 Executing  VM operation: G1CollectForAllocation


Dynamic libraries:
0x00007ff664a40000 - 0x00007ff664a50000 	C:\Program Files\Java\jdk-16.0.1\bin\java.exe
0x00007ffbc8930000 - 0x00007ffbc8b25000 	C:\WINDOWS\SYSTEM32\ntdll.dll
0x00007ffbc6a00000 - 0x00007ffbc6abe000 	C:\WINDOWS\System32\KERNEL32.DLL
0x00007ffbc65a0000 - 0x00007ffbc6868000 	C:\WINDOWS\System32\KERNELBASE.dll
0x00007ffbc60d0000 - 0x00007ffbc61d0000 	C:\WINDOWS\System32\ucrtbase.dll
0x00007ffbc1bb0000 - 0x00007ffbc1bc8000 	C:\Program Files\Java\jdk-16.0.1\bin\jli.dll
0x00007ffbc7e40000 - 0x00007ffbc7eee000 	C:\WINDOWS\System32\ADVAPI32.dll
0x00007ffbc7560000 - 0x00007ffbc75fe000 	C:\WINDOWS\System32\msvcrt.dll
0x00007ffbc7da0000 - 0x00007ffbc7e3c000 	C:\WINDOWS\System32\sechost.dll
0x00007ffbc7f00000 - 0x00007ffbc8025000 	C:\WINDOWS\System32\RPCRT4.dll
0x00007ffbc6bf0000 - 0x00007ffbc6d91000 	C:\WINDOWS\System32\USER32.dll
0x00007ffbc61d0000 - 0x00007ffbc61f2000 	C:\WINDOWS\System32\win32u.dll
0x00007ffbc88c0000 - 0x00007ffbc88eb000 	C:\WINDOWS\System32\GDI32.dll
0x00007ffbc6460000 - 0x00007ffbc656d000 	C:\WINDOWS\System32\gdi32full.dll
0x00007ffbc68d0000 - 0x00007ffbc696d000 	C:\WINDOWS\System32\msvcp_win.dll
0x00007ffbb59f0000 - 0x00007ffbb5c8a000 	C:\WINDOWS\WinSxS\amd64_microsoft.windows.common-controls_6595b64144ccf1df_6.0.19041.1110_none_60b5254171f9507e\COMCTL32.dll
0x00007ffbbc470000 - 0x00007ffbbc47a000 	C:\WINDOWS\SYSTEM32\VERSION.dll
0x00007ffbc1b70000 - 0x00007ffbc1b89000 	C:\Program Files\Java\jdk-16.0.1\bin\VCRUNTIME140.dll
0x00007ffbc8680000 - 0x00007ffbc86b0000 	C:\WINDOWS\System32\IMM32.DLL
0x00007ffbc1f70000 - 0x00007ffbc1f7c000 	C:\Program Files\Java\jdk-16.0.1\bin\vcruntime140_1.dll
0x00007ffbb4fa0000 - 0x00007ffbb5031000 	C:\Program Files\Java\jdk-16.0.1\bin\msvcp140.dll
0x00007ffb74770000 - 0x00007ffb7531b000 	C:\Program Files\Java\jdk-16.0.1\bin\server\jvm.dll
0x00007ffbc7600000 - 0x00007ffbc7608000 	C:\WINDOWS\System32\PSAPI.DLL
0x00007ffbafcb0000 - 0x00007ffbafcb9000 	C:\WINDOWS\SYSTEM32\WSOCK32.dll
0x00007ffbc74f0000 - 0x00007ffbc755b000 	C:\WINDOWS\System32\WS2_32.dll
0x00007ffbbb490000 - 0x00007ffbbb4b7000 	C:\WINDOWS\SYSTEM32\WINMM.dll
0x00007ffbc3f50000 - 0x00007ffbc3f62000 	C:\WINDOWS\SYSTEM32\kernel.appcore.dll
0x00007ffbc1f40000 - 0x00007ffbc1f4a000 	C:\Program Files\Java\jdk-16.0.1\bin\jimage.dll
0x00007ffbbf070000 - 0x00007ffbbf254000 	C:\WINDOWS\SYSTEM32\DBGHELP.DLL
0x00007ffbb5430000 - 0x00007ffbb545c000 	C:\WINDOWS\SYSTEM32\dbgcore.DLL
0x00007ffbc6040000 - 0x00007ffbc60c2000 	C:\WINDOWS\System32\bcryptPrimitives.dll
0x00007ffbc1d20000 - 0x00007ffbc1d2e000 	C:\Program Files\Java\jdk-16.0.1\bin\instrument.dll
0x00007ffbc1520000 - 0x00007ffbc1545000 	C:\Program Files\Java\jdk-16.0.1\bin\java.dll
0x00007ffbc6da0000 - 0x00007ffbc74e4000 	C:\WINDOWS\System32\SHELL32.dll
0x00007ffbc4150000 - 0x00007ffbc48e5000 	C:\WINDOWS\SYSTEM32\windows.storage.dll
0x00007ffbc7a40000 - 0x00007ffbc7d95000 	C:\WINDOWS\System32\combase.dll
0x00007ffbc5a90000 - 0x00007ffbc5abe000 	C:\WINDOWS\SYSTEM32\Wldp.dll
0x00007ffbc8030000 - 0x00007ffbc80dd000 	C:\WINDOWS\System32\SHCORE.dll
0x00007ffbc79e0000 - 0x00007ffbc7a35000 	C:\WINDOWS\System32\shlwapi.dll
0x00007ffbc5f80000 - 0x00007ffbc5f9f000 	C:\WINDOWS\SYSTEM32\profapi.dll
0x00007ffbbe1f0000 - 0x00007ffbbe208000 	C:\Program Files\Java\jdk-16.0.1\bin\zip.dll
0x00007ffbc1b30000 - 0x00007ffbc1b49000 	C:\Program Files\Java\jdk-16.0.1\bin\net.dll
0x00007ffbbd160000 - 0x00007ffbbd26c000 	C:\WINDOWS\SYSTEM32\WINHTTP.dll
0x00007ffbc5720000 - 0x00007ffbc578a000 	C:\WINDOWS\system32\mswsock.dll
0x00007ffbc1ab0000 - 0x00007ffbc1ac3000 	C:\Program Files\Java\jdk-16.0.1\bin\nio.dll
0x00007ffbbc1d0000 - 0x00007ffbbc1ea000 	C:\Program Files\JetBrains\IntelliJ IDEA 2020.3.2\bin\breakgen64.dll
0x00007ffbc5450000 - 0x00007ffbc551b000 	C:\WINDOWS\SYSTEM32\DNSAPI.dll
0x00007ffbc5410000 - 0x00007ffbc544b000 	C:\WINDOWS\SYSTEM32\IPHLPAPI.DLL
0x00007ffbc7ef0000 - 0x00007ffbc7ef8000 	C:\WINDOWS\System32\NSI.dll
0x00007ffbbd0f0000 - 0x00007ffbbd0fa000 	C:\Windows\System32\rasadhlp.dll
0x00007ffbbd010000 - 0x00007ffbbd08f000 	C:\WINDOWS\System32\fwpuclnt.dll
0x00007ffbc6570000 - 0x00007ffbc6597000 	C:\WINDOWS\System32\bcrypt.dll
0x00007ffbbe4e0000 - 0x00007ffbbe4e9000 	C:\Program Files\Java\jdk-16.0.1\bin\management.dll
0x00007ffbbe4a0000 - 0x00007ffbbe4ab000 	C:\Program Files\Java\jdk-16.0.1\bin\management_ext.dll
0x00007ffbc5970000 - 0x00007ffbc5988000 	C:\WINDOWS\SYSTEM32\CRYPTSP.dll
0x00007ffbc50a0000 - 0x00007ffbc50d4000 	C:\WINDOWS\system32\rsaenh.dll
0x00007ffbc5f40000 - 0x00007ffbc5f6e000 	C:\WINDOWS\SYSTEM32\USERENV.dll
0x00007ffbc5990000 - 0x00007ffbc599c000 	C:\WINDOWS\SYSTEM32\CRYPTBASE.dll
0x00007ffbbe7d0000 - 0x00007ffbbe7e7000 	C:\WINDOWS\SYSTEM32\dhcpcsvc6.DLL
0x00007ffbbe7b0000 - 0x00007ffbbe7cd000 	C:\WINDOWS\SYSTEM32\dhcpcsvc.DLL
0x00007ffbae910000 - 0x00007ffbae927000 	C:\WINDOWS\system32\napinsp.dll
0x00007ffbae8d0000 - 0x00007ffbae8eb000 	C:\WINDOWS\system32\pnrpnsp.dll
0x00007ffbae550000 - 0x00007ffbae565000 	C:\WINDOWS\system32\wshbth.dll
0x00007ffbc1a80000 - 0x00007ffbc1a9d000 	C:\WINDOWS\system32\NLAapi.dll
0x00007ffbae800000 - 0x00007ffbae812000 	C:\WINDOWS\System32\winrnr.dll
0x00007ffbc1ba0000 - 0x00007ffbc1bae000 	C:\Program Files\Java\jdk-16.0.1\bin\sunmscapi.dll
0x00007ffbc62b0000 - 0x00007ffbc6406000 	C:\WINDOWS\System32\CRYPT32.dll
0x00007ffbc5b00000 - 0x00007ffbc5b27000 	C:\WINDOWS\SYSTEM32\ncrypt.dll
0x00007ffbc5ac0000 - 0x00007ffbc5afb000 	C:\WINDOWS\SYSTEM32\NTASN1.dll
0x00007ffbc1b90000 - 0x00007ffbc1b97000 	C:\WINDOWS\system32\wshunix.dll

dbghelp: loaded successfully - version: 4.0.5 - missing functions: none
symbol engine: initialized successfully - sym options: 0x614 - pdb path: .;C:\Program Files\Java\jdk-16.0.1\bin;C:\WINDOWS\SYSTEM32;C:\WINDOWS\WinSxS\amd64_microsoft.windows.common-controls_6595b64144ccf1df_6.0.19041.1110_none_60b5254171f9507e;C:\Program Files\Java\jdk-16.0.1\bin\server;C:\Program Files\JetBrains\IntelliJ IDEA 2020.3.2\bin

VM Arguments:
jvm_args: -XX:TieredStopAtLevel=1 -Xverify:none -Dspring.output.ansi.enabled=always -javaagent:C:\Program Files\JetBrains\IntelliJ IDEA 2020.3.2\lib\idea_rt.jar=51331:C:\Program Files\JetBrains\IntelliJ IDEA 2020.3.2\bin -Dcom.sun.management.jmxremote -Dspring.jmx.enabled=true -Dspring.liveBeansView.mbeanDomain -Dspring.application.admin.enabled=true -Dfile.encoding=UTF-8 
java_command: com.dampcave.website_itransition.WebsiteItransitionApplication
java_class_path (initial): C:\Users\User\IdeaProjects\website_itransition\target\classes;C:\Users\User\.m2\repository\org\springframework\boot\spring-boot-starter-thymeleaf\2.6.3\spring-boot-starter-thymeleaf-2.6.3.jar;C:\Users\User\.m2\repository\org\springframework\boot\spring-boot-starter\2.6.3\spring-boot-starter-2.6.3.jar;C:\Users\User\.m2\repository\org\springframework\boot\spring-boot-starter-logging\2.6.3\spring-boot-starter-logging-2.6.3.jar;C:\Users\User\.m2\repository\ch\qos\logback\logback-classic\1.2.10\logback-classic-1.2.10.jar;C:\Users\User\.m2\repository\ch\qos\logback\logback-core\1.2.10\logback-core-1.2.10.jar;C:\Users\User\.m2\repository\org\apache\logging\log4j\log4j-to-slf4j\2.17.1\log4j-to-slf4j-2.17.1.jar;C:\Users\User\.m2\repository\org\apache\logging\log4j\log4j-api\2.17.1\log4j-api-2.17.1.jar;C:\Users\User\.m2\repository\org\slf4j\jul-to-slf4j\1.7.33\jul-to-slf4j-1.7.33.jar;C:\Users\User\.m2\repository\jakarta\annotation\jakarta.annotation-api\1.3.5\jakarta.annotation-api-1.3.5.jar;C:\Users\User\.m2\repository\org\yaml\snakeyaml\1.29\snakeyaml-1.29.jar;C:\Users\User\.m2\repository\org\thymeleaf\thymeleaf-spring5\3.0.14.RELEASE\thymeleaf-spring5-3.0.14.RELEASE.jar;C:\Users\User\.m2\repository\org\thymeleaf\thymeleaf\3.0.14.RELEASE\thymeleaf-3.0.14.RELEASE.jar;C:\Users\User\.m2\repository\org\attoparser\attoparser\2.0.5.RELEASE\attoparser-2.0.5.RELEASE.jar;C:\Users\User\.m2\repository\org\unbescape\unbescape\1.1.6.RELEASE\unbescape-1.1.6.RELEASE.jar;C:\Users\User\.m2\repository\org\slf4j\slf4j-api\1.7.33\slf4j-api-1.7.33.jar;C:\Users\User\.m2\repository\org\thymeleaf\extras\thymeleaf-extras-java8time\3.0.4.RELEASE\thymeleaf-extras-java8time-3.0.4.RELEASE.jar;C:\Users\User\.m2\repository\org\springframework\boot\spring-boot-starter-web\2.6.3\spring-boot-starter-web-2.6.3.jar;C:\Users\User\.m2\repository\org\springframework\boot\spring-boot-starter-json\2.6.3\spring-boot-starter-json-2.6.3.jar;C:\Users\User\.m2\repository\com\fasterxml\jacks
Launcher Type: SUN_STANDARD

[Global flags]
     intx CICompilerCount                          = 3                                         {product} {ergonomic}
     uint ConcGCThreads                            = 1                                         {product} {ergonomic}
     uint G1ConcRefinementThreads                  = 4                                         {product} {ergonomic}
   size_t G1HeapRegionSize                         = 1048576                                   {product} {ergonomic}
    uintx GCDrainStackTargetSize                   = 64                                        {product} {ergonomic}
   size_t InitialHeapSize                          = 134217728                                 {product} {ergonomic}
     bool ManagementServer                         = true                                      {product} {command line}
   size_t MarkStackSize                            = 4194304                                   {product} {ergonomic}
   size_t MaxHeapSize                              = 2136997888                                {product} {ergonomic}
   size_t MaxNewSize                               = 1281359872                                {product} {ergonomic}
   size_t MinHeapDeltaBytes                        = 1048576                                   {product} {ergonomic}
   size_t MinHeapSize                              = 8388608                                   {product} {ergonomic}
    uintx NonNMethodCodeHeapSize                   = 6973028                                {pd product} {ergonomic}
    uintx NonProfiledCodeHeapSize                  = 244685212                              {pd product} {ergonomic}
    uintx ProfiledCodeHeapSize                     = 0                                      {pd product} {ergonomic}
    uintx ReservedCodeCacheSize                    = 251658240                              {pd product} {ergonomic}
     bool SegmentedCodeCache                       = true                                      {product} {ergonomic}
   size_t SoftMaxHeapSize                          = 2136997888                             {manageable} {ergonomic}
     intx TieredStopAtLevel                        = 1                                         {product} {command line}
     bool UseCompressedClassPointers               = true                           {product lp64_product} {ergonomic}
     bool UseCompressedOops                        = true                           {product lp64_product} {ergonomic}
     bool UseG1GC                                  = true                                      {product} {ergonomic}
     bool UseLargePagesIndividualAllocation        = false                                  {pd product} {ergonomic}

Logging:
Log output configuration:
 #0: stdout all=warning uptime,level,tags
 #1: stderr all=off uptime,level,tags

Environment Variables:
JAVA_HOME=C:\Program Files\Java\jdk-16.0.1
PATH=C:\Python310\Scripts\;C:\Python310\;C:\Program Files (x86)\NVIDIA Corporation\PhysX\Common;C:\Program Files\Common Files\Oracle\Java\javapath;C:\Program Files (x86)\Common Files\Oracle\Java\javapath;C:\WINDOWS\system32;C:\WINDOWS;C:\WINDOWS\System32\Wbem;C:\WINDOWS\System32\WindowsPowerShell\v1.0\;C:\WINDOWS\System32\OpenSSH\;C:\Program Files (x86)\HP\Common\HPDestPlgIn\;C:\Program Files\MySQL\MySQL Server 8.0\bin;C:\Program Files\maven\apache-maven-3.8.1\bin;C:\Program Files\Java\jdk-16.0.1\bin;C:\Program Files\Git\cmd;C:\Program Files (x86)\AMD\ATI.ACE\Core-Static;C:\Program Files\nodejs\;C:\ProgramData\chocolatey\bin;C:\Users\User\AppData\Local\Microsoft\WindowsApps;C:\Program Files\JetBrains\IntelliJ IDEA 2020.3.2\bin;;C:\Program Files (x86)\HP\Common\HPDestPlgIn\;C:\Program Files\MySQL\MySQL Server 8.0\bin;C:\Program Files\Java\jdk-16.0.1\bin;C:\Users\User\AppData\Roaming\npm
USERNAME=User
OS=Windows_NT
PROCESSOR_IDENTIFIER=Intel64 Family 6 Model 30 Stepping 5, GenuineIntel



---------------  S Y S T E M  ---------------

OS:
 Windows 10 , 64 bit Build 19041 (10.0.19041.1466)
OS uptime: 0 days 0:40 hours

CPU: total 4 (initial active 4) (4 cores per cpu, 1 threads per core) family 6 model 30 stepping 5 microcode 0xffff0007, cx8, cmov, fxsr, mmx, sse, sse2, sse3, ssse3, sse4.1, sse4.2, popcnt, tsc, tscinvbit, clflush

Memory: 4k page, system-wide physical 8151M (1404M free)
TotalPageFile size 12247M (AvailPageFile size 2358M)
current process WorkingSet (physical memory assigned to process): 195M, peak: 202M
current process commit charge ("private bytes"): 231M, peak: 243M

vm_info: Java HotSpot(TM) 64-Bit Server VM (16.0.1+9-24) for windows-amd64 JRE (16.0.1+9-24), built on Mar 26 2021 19:31:42 by "mach5one" with MS VC++ 16.7 (VS2019)

END.
